2017-10-26 12:18:08.982  INFO 8840 --- [http-nio-8080-exec-1] o.a.c.c.C.[Tomcat].[localhost].[/]       : Initializing Spring FrameworkServlet 'dispatcherServlet'
2017-10-26 12:18:08.982  INFO 8840 --- [http-nio-8080-exec-1] o.s.web.servlet.DispatcherServlet        : FrameworkServlet 'dispatcherServlet': initialization started
2017-10-26 12:18:09.002  INFO 8840 --- [http-nio-8080-exec-1] o.s.web.servlet.DispatcherServlet        : FrameworkServlet 'dispatcherServlet': initialization completed in 19 ms
2017-10-26 12:18:09.031  INFO 8840 --- [http-nio-8080-exec-1] com.example.demo.IndexController         : This is an info message
2017-10-26 12:18:09.031  WARN 8840 --- [http-nio-8080-exec-1] com.example.demo.IndexController         : This is a warn message
2017-10-26 12:18:09.031 ERROR 8840 --- [http-nio-8080-exec-1] com.example.demo.IndexController         : This is an error message
2017-10-26 12:19:01.842  INFO 8840 --- [RMI TCP Connection(10)-192.168.56.1] inMXBeanRegistrar$SpringApplicationAdmin : Application shutdown requested.
2017-10-26 12:19:01.843  INFO 8840 --- [RMI TCP Connection(10)-192.168.56.1] ationConfigEmbeddedWebApplicationContext : Closing org.springframework.boot.context.embedded.AnnotationConfigEmbeddedWebApplicationContext@19d37183: startup date [Thu Oct 26 12:17:47 CDT 2017]; root of context hierarchy
2017-10-26 12:19:01.845  INFO 8840 --- [RMI TCP Connection(10)-192.168.56.1] o.s.j.e.a.AnnotationMBeanExporter        : Unregistering JMX-exposed beans on shutdown
2017-10-26 12:19:05.851  INFO 11148 --- [main] com.example.demo.ExperimentApplication   : Starting ExperimentApplication on USTX10300L01287 with PID 11148 (C:\Users\EW11300\Desktop\gitrepo-ezd\experiment\target\classes started by ew11300 in C:\Users\EW11300\Desktop\gitrepo-ezd\experiment)
2017-10-26 12:19:05.854  INFO 11148 --- [main] com.example.demo.ExperimentApplication   : No active profile set, falling back to default profiles: default
2017-10-26 12:19:06.182  INFO 11148 --- [main] ationConfigEmbeddedWebApplicationContext : Refreshing org.springframework.boot.context.embedded.AnnotationConfigEmbeddedWebApplicationContext@3bd40a57: startup date [Thu Oct 26 12:19:06 CDT 2017]; root of context hierarchy
2017-10-26 12:19:07.527  INFO 11148 --- [main] s.b.c.e.t.TomcatEmbeddedServletContainer : Tomcat initialized with port(s): 8080 (http)
2017-10-26 12:19:07.541  INFO 11148 --- [main] o.apache.catalina.core.StandardService   : Starting service [Tomcat]
2017-10-26 12:19:07.542  INFO 11148 --- [main] org.apache.catalina.core.StandardEngine  : Starting Servlet Engine: Apache Tomcat/8.5.23
2017-10-26 12:19:07.698  INFO 11148 --- [localhost-startStop-1] o.a.c.c.C.[Tomcat].[localhost].[/]       : Initializing Spring embedded WebApplicationContext
2017-10-26 12:19:07.698  INFO 11148 --- [localhost-startStop-1] o.s.web.context.ContextLoader            : Root WebApplicationContext: initialization completed in 1519 ms
2017-10-26 12:19:07.926  INFO 11148 --- [localhost-startStop-1] o.s.b.w.servlet.ServletRegistrationBean  : Mapping servlet: 'dispatcherServlet' to [/]
2017-10-26 12:19:07.933  INFO 11148 --- [localhost-startStop-1] o.s.b.w.servlet.FilterRegistrationBean   : Mapping filter: 'characterEncodingFilter' to: [/*]
2017-10-26 12:19:07.934  INFO 11148 --- [localhost-startStop-1] o.s.b.w.servlet.FilterRegistrationBean   : Mapping filter: 'hiddenHttpMethodFilter' to: [/*]
2017-10-26 12:19:07.934  INFO 11148 --- [localhost-startStop-1] o.s.b.w.servlet.FilterRegistrationBean   : Mapping filter: 'httpPutFormContentFilter' to: [/*]
2017-10-26 12:19:07.934  INFO 11148 --- [localhost-startStop-1] o.s.b.w.servlet.FilterRegistrationBean   : Mapping filter: 'requestContextFilter' to: [/*]
2017-10-26 12:19:08.313  INFO 11148 --- [main] s.w.s.m.m.a.RequestMappingHandlerAdapter : Looking for @ControllerAdvice: org.springframework.boot.context.embedded.AnnotationConfigEmbeddedWebApplicationContext@3bd40a57: startup date [Thu Oct 26 12:19:06 CDT 2017]; root of context hierarchy
2017-10-26 12:19:08.392  INFO 11148 --- [main] s.w.s.m.m.a.RequestMappingHandlerMapping : Mapped "{[/]}" onto public java.lang.String com.example.demo.IndexController.getIndex()
2017-10-26 12:19:08.397  INFO 11148 --- [main] s.w.s.m.m.a.RequestMappingHandlerMapping : Mapped "{[/error]}" onto public org.springframework.http.ResponseEntity<java.util.Map<java.lang.String, java.lang.Object>> org.springframework.boot.autoconfigure.web.BasicErrorController.error(javax.servlet.http.HttpServletRequest)
2017-10-26 12:19:08.398  INFO 11148 --- [main] s.w.s.m.m.a.RequestMappingHandlerMapping : Mapped "{[/error],produces=[text/html]}" onto public org.springframework.web.servlet.ModelAndView org.springframework.boot.autoconfigure.web.BasicErrorController.errorHtml(javax.servlet.http.HttpServletRequest,javax.servlet.http.HttpServletResponse)
2017-10-26 12:19:08.432  INFO 11148 --- [main] o.s.w.s.handler.SimpleUrlHandlerMapping  : Mapped URL path [/webjars/**] onto handler of type [class org.springframework.web.servlet.resource.ResourceHttpRequestHandler]
2017-10-26 12:19:08.432  INFO 11148 --- [main] o.s.w.s.handler.SimpleUrlHandlerMapping  : Mapped URL path [/**] onto handler of type [class org.springframework.web.servlet.resource.ResourceHttpRequestHandler]
2017-10-26 12:19:08.482  INFO 11148 --- [main] o.s.w.s.handler.SimpleUrlHandlerMapping  : Mapped URL path [/**/favicon.ico] onto handler of type [class org.springframework.web.servlet.resource.ResourceHttpRequestHandler]
2017-10-26 12:19:08.988  INFO 11148 --- [main] o.s.j.e.a.AnnotationMBeanExporter        : Registering beans for JMX exposure on startup
2017-10-26 12:19:09.076  INFO 11148 --- [main] s.b.c.e.t.TomcatEmbeddedServletContainer : Tomcat started on port(s): 8080 (http)
2017-10-26 12:19:09.082  INFO 11148 --- [main] com.example.demo.ExperimentApplication   : Started ExperimentApplication in 3.574 seconds (JVM running for 4.421)
2017-10-26 12:19:12.673  INFO 11148 --- [http-nio-8080-exec-1] o.a.c.c.C.[Tomcat].[localhost].[/]       : Initializing Spring FrameworkServlet 'dispatcherServlet'
2017-10-26 12:19:12.674  INFO 11148 --- [http-nio-8080-exec-1] o.s.web.servlet.DispatcherServlet        : FrameworkServlet 'dispatcherServlet': initialization started
2017-10-26 12:19:12.690  INFO 11148 --- [http-nio-8080-exec-1] o.s.web.servlet.DispatcherServlet        : FrameworkServlet 'dispatcherServlet': initialization completed in 16 ms
2017-10-26 12:19:12.715  INFO 11148 --- [http-nio-8080-exec-1] com.example.demo.IndexController         : This is an info message
2017-10-26 12:19:12.715  WARN 11148 --- [http-nio-8080-exec-1] com.example.demo.IndexController         : This is a warn message
2017-10-26 12:19:12.715 ERROR 11148 --- [http-nio-8080-exec-1] com.example.demo.IndexController         : This is an error message
2017-10-26 12:19:33.820  INFO 11148 --- [RMI TCP Connection(5)-192.168.56.1] inMXBeanRegistrar$SpringApplicationAdmin : Application shutdown requested.
2017-10-26 12:19:33.821  INFO 11148 --- [RMI TCP Connection(5)-192.168.56.1] ationConfigEmbeddedWebApplicationContext : Closing org.springframework.boot.context.embedded.AnnotationConfigEmbeddedWebApplicationContext@3bd40a57: startup date [Thu Oct 26 12:19:06 CDT 2017]; root of context hierarchy
2017-10-26 12:19:33.823  INFO 11148 --- [RMI TCP Connection(5)-192.168.56.1] o.s.j.e.a.AnnotationMBeanExporter        : Unregistering JMX-exposed beans on shutdown
2017-10-26 12:19:37.750  INFO 6572 --- [main] com.example.demo.ExperimentApplication   : Starting ExperimentApplication on USTX10300L01287 with PID 6572 (C:\Users\EW11300\Desktop\gitrepo-ezd\experiment\target\classes started by ew11300 in C:\Users\EW11300\Desktop\gitrepo-ezd\experiment)
2017-10-26 12:19:37.754 DEBUG 6572 --- [main] com.example.demo.ExperimentApplication   : Running with Spring Boot v1.5.8.RELEASE, Spring v4.3.12.RELEASE
2017-10-26 12:19:37.755  INFO 6572 --- [main] com.example.demo.ExperimentApplication   : No active profile set, falling back to default profiles: default
2017-10-26 12:19:38.094  INFO 6572 --- [main] ationConfigEmbeddedWebApplicationContext : Refreshing org.springframework.boot.context.embedded.AnnotationConfigEmbeddedWebApplicationContext@3bd40a57: startup date [Thu Oct 26 12:19:38 CDT 2017]; root of context hierarchy
2017-10-26 12:19:39.623  INFO 6572 --- [main] s.b.c.e.t.TomcatEmbeddedServletContainer : Tomcat initialized with port(s): 8080 (http)
2017-10-26 12:19:39.635  INFO 6572 --- [main] o.apache.catalina.core.StandardService   : Starting service [Tomcat]
2017-10-26 12:19:39.637  INFO 6572 --- [main] org.apache.catalina.core.StandardEngine  : Starting Servlet Engine: Apache Tomcat/8.5.23
2017-10-26 12:19:39.788  INFO 6572 --- [localhost-startStop-1] o.a.c.c.C.[Tomcat].[localhost].[/]       : Initializing Spring embedded WebApplicationContext
2017-10-26 12:19:39.788  INFO 6572 --- [localhost-startStop-1] o.s.web.context.ContextLoader            : Root WebApplicationContext: initialization completed in 1697 ms
2017-10-26 12:19:39.958  INFO 6572 --- [localhost-startStop-1] o.s.b.w.servlet.ServletRegistrationBean  : Mapping servlet: 'dispatcherServlet' to [/]
2017-10-26 12:19:39.961  INFO 6572 --- [localhost-startStop-1] o.s.b.w.servlet.FilterRegistrationBean   : Mapping filter: 'characterEncodingFilter' to: [/*]
2017-10-26 12:19:39.962  INFO 6572 --- [localhost-startStop-1] o.s.b.w.servlet.FilterRegistrationBean   : Mapping filter: 'hiddenHttpMethodFilter' to: [/*]
2017-10-26 12:19:39.963  INFO 6572 --- [localhost-startStop-1] o.s.b.w.servlet.FilterRegistrationBean   : Mapping filter: 'httpPutFormContentFilter' to: [/*]
2017-10-26 12:19:39.963  INFO 6572 --- [localhost-startStop-1] o.s.b.w.servlet.FilterRegistrationBean   : Mapping filter: 'requestContextFilter' to: [/*]
2017-10-26 12:19:40.304  INFO 6572 --- [main] s.w.s.m.m.a.RequestMappingHandlerAdapter : Looking for @ControllerAdvice: org.springframework.boot.context.embedded.AnnotationConfigEmbeddedWebApplicationContext@3bd40a57: startup date [Thu Oct 26 12:19:38 CDT 2017]; root of context hierarchy
2017-10-26 12:19:40.394  INFO 6572 --- [main] s.w.s.m.m.a.RequestMappingHandlerMapping : Mapped "{[/]}" onto public java.lang.String com.example.demo.IndexController.getIndex()
2017-10-26 12:19:40.398  INFO 6572 --- [main] s.w.s.m.m.a.RequestMappingHandlerMapping : Mapped "{[/error]}" onto public org.springframework.http.ResponseEntity<java.util.Map<java.lang.String, java.lang.Object>> org.springframework.boot.autoconfigure.web.BasicErrorController.error(javax.servlet.http.HttpServletRequest)
2017-10-26 12:19:40.399  INFO 6572 --- [main] s.w.s.m.m.a.RequestMappingHandlerMapping : Mapped "{[/error],produces=[text/html]}" onto public org.springframework.web.servlet.ModelAndView org.springframework.boot.autoconfigure.web.BasicErrorController.errorHtml(javax.servlet.http.HttpServletRequest,javax.servlet.http.HttpServletResponse)
2017-10-26 12:19:40.430  INFO 6572 --- [main] o.s.w.s.handler.SimpleUrlHandlerMapping  : Mapped URL path [/webjars/**] onto handler of type [class org.springframework.web.servlet.resource.ResourceHttpRequestHandler]
2017-10-26 12:19:40.431  INFO 6572 --- [main] o.s.w.s.handler.SimpleUrlHandlerMapping  : Mapped URL path [/**] onto handler of type [class org.springframework.web.servlet.resource.ResourceHttpRequestHandler]
2017-10-26 12:19:40.475  INFO 6572 --- [main] o.s.w.s.handler.SimpleUrlHandlerMapping  : Mapped URL path [/**/favicon.ico] onto handler of type [class org.springframework.web.servlet.resource.ResourceHttpRequestHandler]
2017-10-26 12:19:41.019  INFO 6572 --- [main] o.s.j.e.a.AnnotationMBeanExporter        : Registering beans for JMX exposure on startup
2017-10-26 12:19:41.101  INFO 6572 --- [main] s.b.c.e.t.TomcatEmbeddedServletContainer : Tomcat started on port(s): 8080 (http)
2017-10-26 12:19:41.106  INFO 6572 --- [main] com.example.demo.ExperimentApplication   : Started ExperimentApplication in 3.745 seconds (JVM running for 4.452)
2017-10-26 12:19:46.723  INFO 6572 --- [http-nio-8080-exec-1] o.a.c.c.C.[Tomcat].[localhost].[/]       : Initializing Spring FrameworkServlet 'dispatcherServlet'
2017-10-26 12:19:46.723  INFO 6572 --- [http-nio-8080-exec-1] o.s.web.servlet.DispatcherServlet        : FrameworkServlet 'dispatcherServlet': initialization started
2017-10-26 12:19:46.742  INFO 6572 --- [http-nio-8080-exec-1] o.s.web.servlet.DispatcherServlet        : FrameworkServlet 'dispatcherServlet': initialization completed in 18 ms
2017-10-26 12:19:46.778 DEBUG 6572 --- [http-nio-8080-exec-1] com.example.demo.IndexController         : This is a debug message
2017-10-26 12:19:46.779  INFO 6572 --- [http-nio-8080-exec-1] com.example.demo.IndexController         : This is an info message
2017-10-26 12:19:46.779  WARN 6572 --- [http-nio-8080-exec-1] com.example.demo.IndexController         : This is a warn message
2017-10-26 12:19:46.779 ERROR 6572 --- [http-nio-8080-exec-1] com.example.demo.IndexController         : This is an error message
